<?xml version="1.0" encoding="utf-8" standalone="no"?>
<!--This file represents the results of running a test suite-->
<test-results name="D:\Kuliah\Semester 3\Pemrograman Lanjut\Pertemuan 5\02 tugas\TugasLibrary\bin\Debug\TugasLibrary.dll" total="0" errors="0" failures="0" not-run="1" inconclusive="0" ignored="0" skipped="0" invalid="1" date="2021-10-28" time="22:56:27">
  <environment nunit-version="2.6.4.14350" clr-version="2.0.50727.9151" os-version="Microsoft Windows NT 6.2.9200.0" platform="Win32NT" cwd="D:\Kuliah\Semester 3\Pemrograman Lanjut\Pertemuan 5\tools-testing" machine-name="DESKTOP-NT8OAOP" user="DaniEl" user-domain="DESKTOP-NT8OAOP" />
  <culture-info current-culture="en-US" current-uiculture="en-US" />
  <test-suite type="Assembly" name="D:\Kuliah\Semester 3\Pemrograman Lanjut\Pertemuan 5\02 tugas\TugasLibrary\bin\Debug\TugasLibrary.dll" executed="True" result="Failure" success="False" time="0.027" asserts="0">
    <results>
      <test-suite type="Namespace" name="TugasLibrary" executed="True" result="Failure" success="False" time="0.025" asserts="0">
        <results>
          <test-suite type="TestFixture" name="Day" executed="True" result="Failure" success="False" time="0.006" asserts="0">
            <results>
              <test-case name="TugasLibrary.Day.NameOfDay" executed="False" result="NotRunnable">
                <reason>
                  <message><![CDATA[Test method has non-void return type, but no result is expected]]></message>
                </reason>
              </test-case>
            </results>
          </test-suite>
          <test-suite type="TestFixture" name="User" executed="False" result="NotRunnable">
            <reason>
              <message><![CDATA[Invalid signature for SetUp or TearDown method: IsValidUser]]></message>
            </reason>
          </test-suite>
        </results>
      </test-suite>
    </results>
  </test-suite>
</test-results>